This is XeTeX, Version 3.14159265-2.6-0.999991 (TeX Live 2019/Arch Linux) (preloaded format=xelatex 2019.11.2)  14 NOV 2019 19:47
entering extended mode
 \write18 enabled.
 %&-line parsing enabled.
**Dispensa.tex -
(./Dispensa.tex
LaTeX2e <2019-10-01> patch level 1
(/usr/share/texmf-dist/tex/latex/base/article.cls
Document Class: article 2019/08/27 v1.4j Standard LaTeX document class
(/usr/share/texmf-dist/tex/latex/base/size10.clo
File: size10.clo 2019/08/27 v1.4j Standard LaTeX file (size option)
)
\c@part=\count80
\c@section=\count81
\c@subsection=\count82
\c@subsubsection=\count83
\c@paragraph=\count84
\c@subparagraph=\count85
\c@figure=\count86
\c@table=\count87
\abovecaptionskip=\skip41
\belowcaptionskip=\skip42
\bibindent=\dimen102
)
(/usr/share/texmf-dist/tex/latex/tools/multicol.sty
Package: multicol 2019/03/01 v1.8w multicolumn formatting (FMi)
\c@tracingmulticols=\count88
\mult@box=\box27
\multicol@leftmargin=\dimen103
\c@unbalance=\count89
\c@collectmore=\count90
\doublecol@number=\count91
\multicoltolerance=\count92
\multicolpretolerance=\count93
\full@width=\dimen104
\page@free=\dimen105
\premulticols=\dimen106
\postmulticols=\dimen107
\multicolsep=\skip43
\multicolbaselineskip=\skip44
\partial@page=\box28
\last@line=\box29
\maxbalancingoverflow=\dimen108
\mult@rightbox=\box30
\mult@grightbox=\box31
\mult@gfirstbox=\box32
\mult@firstbox=\box33
\@tempa=\box34
\@tempa=\box35
\@tempa=\box36
\@tempa=\box37
\@tempa=\box38
\@tempa=\box39
\@tempa=\box40
\@tempa=\box41
\@tempa=\box42
\@tempa=\box43
\@tempa=\box44
\@tempa=\box45
\@tempa=\box46
\@tempa=\box47
\@tempa=\box48
\@tempa=\box49
\@tempa=\box50
\c@minrows=\count94
\c@columnbadness=\count95
\c@finalcolumnbadness=\count96
\last@try=\dimen109
\multicolovershoot=\dimen110
\multicolundershoot=\dimen111
\mult@nat@firstbox=\box51
\colbreak@box=\box52
\mc@col@check@num=\count97
)
(/usr/share/texmf-dist/tex/latex/geometry/geometry.sty
Package: geometry 2018/04/16 v5.8 Page Geometry

(/usr/share/texmf-dist/tex/latex/graphics/keyval.sty
Package: keyval 2014/10/28 v1.15 key=value parser (DPC)
\KV@toks@=\toks14
)
(/usr/share/texmf-dist/tex/generic/oberdiek/ifpdf.sty
Package: ifpdf 2018/09/07 v3.3 Provides the ifpdf switch
)
(/usr/share/texmf-dist/tex/generic/oberdiek/ifvtex.sty
Package: ifvtex 2016/05/16 v1.6 Detect VTeX and its facilities (HO)
Package ifvtex Info: VTeX not detected.
)
(/usr/share/texmf-dist/tex/generic/ifxetex/ifxetex.sty
Package: ifxetex 2010/09/12 v0.6 Provides ifxetex conditional
)
\Gm@cnth=\count98
\Gm@cntv=\count99
\c@Gm@tempcnt=\count100
\Gm@bindingoffset=\dimen112
\Gm@wd@mp=\dimen113
\Gm@odd@mp=\dimen114
\Gm@even@mp=\dimen115
\Gm@layoutwidth=\dimen116
\Gm@layoutheight=\dimen117
\Gm@layouthoffset=\dimen118
\Gm@layoutvoffset=\dimen119
\Gm@dimlist=\toks15
)
(/usr/share/texmf-dist/tex/latex/fancyhdr/fancyhdr.sty
Package: fancyhdr 2019/01/31 v3.10 Extensive control of page headers and footer
s
\f@nch@headwidth=\skip45
\f@nch@O@elh=\skip46
\f@nch@O@erh=\skip47
\f@nch@O@olh=\skip48
\f@nch@O@orh=\skip49
\f@nch@O@elf=\skip50
\f@nch@O@erf=\skip51
\f@nch@O@olf=\skip52
\f@nch@O@orf=\skip53
)
(/usr/share/texmf-dist/tex/latex/minted/minted.sty
Package: minted 2017/07/19 v2.5 Yet another Pygments shim for LaTeX

(/usr/share/texmf-dist/tex/latex/oberdiek/kvoptions.sty
Package: kvoptions 2016/05/16 v3.12 Key value format for package options (HO)

(/usr/share/texmf-dist/tex/generic/oberdiek/ltxcmds.sty
Package: ltxcmds 2016/05/16 v1.23 LaTeX kernel commands for general use (HO)
)
(/usr/share/texmf-dist/tex/generic/oberdiek/kvsetkeys.sty
Package: kvsetkeys 2016/05/16 v1.17 Key value parser (HO)

(/usr/share/texmf-dist/tex/generic/oberdiek/infwarerr.sty
Package: infwarerr 2016/05/16 v1.4 Providing info/warning/error messages (HO)
)
(/usr/share/texmf-dist/tex/generic/oberdiek/etexcmds.sty
Package: etexcmds 2016/05/16 v1.6 Avoid name clashes with e-TeX commands (HO)

(/usr/share/texmf-dist/tex/generic/oberdiek/ifluatex.sty
Package: ifluatex 2016/05/16 v1.4 Provides the ifluatex switch (HO)
Package ifluatex Info: LuaTeX not detected.
))))
(/usr/share/texmf-dist/tex/latex/fvextra/fvextra.sty
Package: fvextra 2019/02/04 v1.4 fvextra - extensions and patches for fancyvrb

(/usr/share/texmf-dist/tex/latex/base/ifthen.sty
Package: ifthen 2014/09/29 v1.1c Standard LaTeX ifthen package (DPC)
)
(/usr/share/texmf-dist/tex/latex/etoolbox/etoolbox.sty
Package: etoolbox 2019/09/21 v2.5h e-TeX tools for LaTeX (JAW)
\etb@tempcnta=\count101
)
(/usr/share/texmf-dist/tex/latex/fancyvrb/fancyvrb.sty
Package: fancyvrb 2019/10/22

Style option: `fancyvrb' v3.3 <2019/10/22> (tvz)
\FV@CodeLineNo=\count102
\FV@InFile=\read1
\FV@TabBox=\box53
\c@FancyVerbLine=\count103
\FV@StepNumber=\count104
\FV@OutFile=\write3
)
(/usr/share/texmf-dist/tex/latex/upquote/upquote.sty
Package: upquote 2012/04/19 v1.3 upright-quote and grave-accent glyphs in verba
tim

(/usr/share/texmf-dist/tex/latex/base/textcomp.sty
Package: textcomp 2018/08/11 v2.0j Standard LaTeX package
Package textcomp Info: Sub-encoding information:
(textcomp)               5 = only ISO-Adobe without \textcurrency
(textcomp)               4 = 5 + \texteuro
(textcomp)               3 = 4 + \textohm
(textcomp)               2 = 3 + \textestimated + \textcurrency
(textcomp)               1 = TS1 - \textcircled - \t
(textcomp)               0 = TS1 (full)
(textcomp)             Font families with sub-encoding setting implement
(textcomp)             only a restricted character set as indicated.
(textcomp)             Family '?' is the default used for unknown fonts.
(textcomp)             See the documentation for details.
Package textcomp Info: Setting ? sub-encoding to TS1/1 on input line 79.

(/usr/share/texmf-dist/tex/latex/base/ts1enc.def
File: ts1enc.def 2001/06/05 v3.0e (jk/car/fm) Standard LaTeX file
)
LaTeX Info: Redefining \oldstylenums on input line 334.
Package textcomp Info: Setting cmr sub-encoding to TS1/0 on input line 349.
Package textcomp Info: Setting cmss sub-encoding to TS1/0 on input line 350.
Package textcomp Info: Setting cmtt sub-encoding to TS1/0 on input line 351.
Package textcomp Info: Setting cmvtt sub-encoding to TS1/0 on input line 352.
Package textcomp Info: Setting cmbr sub-encoding to TS1/0 on input line 353.
Package textcomp Info: Setting cmtl sub-encoding to TS1/0 on input line 354.
Package textcomp Info: Setting ccr sub-encoding to TS1/0 on input line 355.
Package textcomp Info: Setting ptm sub-encoding to TS1/4 on input line 356.
Package textcomp Info: Setting pcr sub-encoding to TS1/4 on input line 357.
Package textcomp Info: Setting phv sub-encoding to TS1/4 on input line 358.
Package textcomp Info: Setting ppl sub-encoding to TS1/3 on input line 359.
Package textcomp Info: Setting pag sub-encoding to TS1/4 on input line 360.
Package textcomp Info: Setting pbk sub-encoding to TS1/4 on input line 361.
Package textcomp Info: Setting pnc sub-encoding to TS1/4 on input line 362.
Package textcomp Info: Setting pzc sub-encoding to TS1/4 on input line 363.
Package textcomp Info: Setting bch sub-encoding to TS1/4 on input line 364.
Package textcomp Info: Setting put sub-encoding to TS1/5 on input line 365.
Package textcomp Info: Setting uag sub-encoding to TS1/5 on input line 366.
Package textcomp Info: Setting ugq sub-encoding to TS1/5 on input line 367.
Package textcomp Info: Setting ul8 sub-encoding to TS1/4 on input line 368.
Package textcomp Info: Setting ul9 sub-encoding to TS1/4 on input line 369.
Package textcomp Info: Setting augie sub-encoding to TS1/5 on input line 370.
Package textcomp Info: Setting dayrom sub-encoding to TS1/3 on input line 371.
Package textcomp Info: Setting dayroms sub-encoding to TS1/3 on input line 372.

Package textcomp Info: Setting pxr sub-encoding to TS1/0 on input line 373.
Package textcomp Info: Setting pxss sub-encoding to TS1/0 on input line 374.
Package textcomp Info: Setting pxtt sub-encoding to TS1/0 on input line 375.
Package textcomp Info: Setting txr sub-encoding to TS1/0 on input line 376.
Package textcomp Info: Setting txss sub-encoding to TS1/0 on input line 377.
Package textcomp Info: Setting txtt sub-encoding to TS1/0 on input line 378.
Package textcomp Info: Setting lmr sub-encoding to TS1/0 on input line 379.
Package textcomp Info: Setting lmdh sub-encoding to TS1/0 on input line 380.
Package textcomp Info: Setting lmss sub-encoding to TS1/0 on input line 381.
Package textcomp Info: Setting lmssq sub-encoding to TS1/0 on input line 382.
Package textcomp Info: Setting lmvtt sub-encoding to TS1/0 on input line 383.
Package textcomp Info: Setting lmtt sub-encoding to TS1/0 on input line 384.
Package textcomp Info: Setting qhv sub-encoding to TS1/0 on input line 385.
Package textcomp Info: Setting qag sub-encoding to TS1/0 on input line 386.
Package textcomp Info: Setting qbk sub-encoding to TS1/0 on input line 387.
Package textcomp Info: Setting qcr sub-encoding to TS1/0 on input line 388.
Package textcomp Info: Setting qcs sub-encoding to TS1/0 on input line 389.
Package textcomp Info: Setting qpl sub-encoding to TS1/0 on input line 390.
Package textcomp Info: Setting qtm sub-encoding to TS1/0 on input line 391.
Package textcomp Info: Setting qzc sub-encoding to TS1/0 on input line 392.
Package textcomp Info: Setting qhvc sub-encoding to TS1/0 on input line 393.
Package textcomp Info: Setting futs sub-encoding to TS1/4 on input line 394.
Package textcomp Info: Setting futx sub-encoding to TS1/4 on input line 395.
Package textcomp Info: Setting futj sub-encoding to TS1/4 on input line 396.
Package textcomp Info: Setting hlh sub-encoding to TS1/3 on input line 397.
Package textcomp Info: Setting hls sub-encoding to TS1/3 on input line 398.
Package textcomp Info: Setting hlst sub-encoding to TS1/3 on input line 399.
Package textcomp Info: Setting hlct sub-encoding to TS1/5 on input line 400.
Package textcomp Info: Setting hlx sub-encoding to TS1/5 on input line 401.
Package textcomp Info: Setting hlce sub-encoding to TS1/5 on input line 402.
Package textcomp Info: Setting hlcn sub-encoding to TS1/5 on input line 403.
Package textcomp Info: Setting hlcw sub-encoding to TS1/5 on input line 404.
Package textcomp Info: Setting hlcf sub-encoding to TS1/5 on input line 405.
Package textcomp Info: Setting pplx sub-encoding to TS1/3 on input line 406.
Package textcomp Info: Setting pplj sub-encoding to TS1/3 on input line 407.
Package textcomp Info: Setting ptmx sub-encoding to TS1/4 on input line 408.
Package textcomp Info: Setting ptmj sub-encoding to TS1/4 on input line 409.
))
(/usr/share/texmf-dist/tex/latex/lineno/lineno.sty
Package: lineno 2005/11/02 line numbers on paragraphs v4.41
Invalid UTF-8 byte or sequence at line 296 replaced by U+FFFD.
\linenopenalty=\count105
\output=\toks16
\linenoprevgraf=\count106
\linenumbersep=\dimen120
\linenumberwidth=\dimen121
\c@linenumber=\count107
\c@pagewiselinenumber=\count108
\c@LN@truepage=\count109
\c@internallinenumber=\count110
\c@internallinenumbers=\count111
\quotelinenumbersep=\dimen122
\bframerule=\dimen123
\bframesep=\dimen124
\bframebox=\box54
LaTeX Info: Redefining \\ on input line 3056.
)
\c@FV@TrueTabGroupLevel=\count112
\c@FV@TrueTabCounter=\count113
\FV@TabBox@Group=\box55
\FV@TmpLength=\skip54
\c@FV@HighlightLinesStart=\count114
\c@FV@HighlightLinesStop=\count115
\FV@LoopCount=\count116
\FV@NCharsBox=\box56
\FV@BreakIndent=\dimen125
\FV@BreakIndentNChars=\count117
\FV@BreakSymbolSepLeft=\dimen126
\FV@BreakSymbolSepLeftNChars=\count118
\FV@BreakSymbolSepRight=\dimen127
\FV@BreakSymbolSepRightNChars=\count119
\FV@BreakSymbolIndentLeft=\dimen128
\FV@BreakSymbolIndentLeftNChars=\count120
\FV@BreakSymbolIndentRight=\dimen129
\FV@BreakSymbolIndentRightNChars=\count121
\c@FancyVerbLineBreakLast=\count122
\FV@LineBox=\box57
\FV@LineIndentBox=\box58
\FV@LineWidth=\dimen130
)
(/usr/share/texmf-dist/tex/latex/tools/calc.sty
Package: calc 2017/05/25 v4.3 Infix arithmetic (KKT,FJ)
\calc@Acount=\count123
\calc@Bcount=\count124
\calc@Adimen=\dimen131
\calc@Bdimen=\dimen132
\calc@Askip=\skip55
\calc@Bskip=\skip56
LaTeX Info: Redefining \setlength on input line 80.
LaTeX Info: Redefining \addtolength on input line 81.
\calc@Ccount=\count125
\calc@Cskip=\skip57
)
(/usr/share/texmf-dist/tex/latex/tools/shellesc.sty
Package: shellesc 2016/06/07 v0.02b unified shell escape interface for LaTeX
Package shellesc Info: Unrestricted shell escape enabled on input line 70.
)
(/usr/share/texmf-dist/tex/latex/ifplatform/ifplatform.sty
Package: ifplatform 2017/10/13 v0.4a Testing for the operating system

(/usr/share/texmf-dist/tex/generic/oberdiek/pdftexcmds.sty
Package: pdftexcmds 2019/07/25 v0.30 Utility functions of pdfTeX for LuaTeX (HO
)
Package pdftexcmds Info: LuaTeX not detected.
Package pdftexcmds Info: pdfTeX >= 1.30 not detected.
Package pdftexcmds Info: \pdf@primitive is available.
Package pdftexcmds Info: \pdf@ifprimitive is available.
Package pdftexcmds Info: \pdfdraftmode not found.
)
(/usr/share/texmf-dist/tex/generic/oberdiek/catchfile.sty
Package: catchfile 2016/05/16 v1.7 Catch the contents of a file (HO)
)
runsystem(uname -s > "Dispensa.w18")...executed.

 (./Dispensa.w18)
runsystem(rm -- "Dispensa.w18")...executed.

)
(/usr/share/texmf-dist/tex/generic/xstring/xstring.sty
(/usr/share/texmf-dist/tex/generic/xstring/xstring.tex
\integerpart=\count126
Invalid UTF-8 byte or sequence at line 35 replaced by U+FFFD.
\decimalpart=\count127
Invalid UTF-8 byte or sequence at line 79 replaced by U+FFFD.
Invalid UTF-8 byte or sequence at line 79 replaced by U+FFFD.
Invalid UTF-8 byte or sequence at line 83 replaced by U+FFFD.
Invalid UTF-8 byte or sequence at line 86 replaced by U+FFFD.
Invalid UTF-8 byte or sequence at line 102 replaced by U+FFFD.
Invalid UTF-8 byte or sequence at line 114 replaced by U+FFFD.
Invalid UTF-8 byte or sequence at line 120 replaced by U+FFFD.
Invalid UTF-8 byte or sequence at line 125 replaced by U+FFFD.
Invalid UTF-8 byte or sequence at line 147 replaced by U+FFFD.
Invalid UTF-8 byte or sequence at line 147 replaced by U+FFFD.
Invalid UTF-8 byte or sequence at line 147 replaced by U+FFFD.
Invalid UTF-8 byte or sequence at line 182 replaced by U+FFFD.
Invalid UTF-8 byte or sequence at line 182 replaced by U+FFFD.
Invalid UTF-8 byte or sequence at line 182 replaced by U+FFFD.
Invalid UTF-8 byte or sequence at line 183 replaced by U+FFFD.
Invalid UTF-8 byte or sequence at line 184 replaced by U+FFFD.
Invalid UTF-8 byte or sequence at line 185 replaced by U+FFFD.
Invalid UTF-8 byte or sequence at line 185 replaced by U+FFFD.
Invalid UTF-8 byte or sequence at line 185 replaced by U+FFFD.
Invalid UTF-8 byte or sequence at line 189 replaced by U+FFFD.
Invalid UTF-8 byte or sequence at line 189 replaced by U+FFFD.
Invalid UTF-8 byte or sequence at line 190 replaced by U+FFFD.
Invalid UTF-8 byte or sequence at line 190 replaced by U+FFFD.
Invalid UTF-8 byte or sequence at line 193 replaced by U+FFFD.
Invalid UTF-8 byte or sequence at line 208 replaced by U+FFFD.
Invalid UTF-8 byte or sequence at line 208 replaced by U+FFFD.
Invalid UTF-8 byte or sequence at line 208 replaced by U+FFFD.
Invalid UTF-8 byte or sequence at line 208 replaced by U+FFFD.
Invalid UTF-8 byte or sequence at line 208 replaced by U+FFFD.
Invalid UTF-8 byte or sequence at line 208 replaced by U+FFFD.
Invalid UTF-8 byte or sequence at line 221 replaced by U+FFFD.
Invalid UTF-8 byte or sequence at line 221 replaced by U+FFFD.
Invalid UTF-8 byte or sequence at line 241 replaced by U+FFFD.
Invalid UTF-8 byte or sequence at line 241 replaced by U+FFFD.
Invalid UTF-8 byte or sequence at line 241 replaced by U+FFFD.
Invalid UTF-8 byte or sequence at line 241 replaced by U+FFFD.
Invalid UTF-8 byte or sequence at line 266 replaced by U+FFFD.
Invalid UTF-8 byte or sequence at line 284 replaced by U+FFFD.
Invalid UTF-8 byte or sequence at line 295 replaced by U+FFFD.
Invalid UTF-8 byte or sequence at line 300 replaced by U+FFFD.
Invalid UTF-8 byte or sequence at line 300 replaced by U+FFFD.
Invalid UTF-8 byte or sequence at line 301 replaced by U+FFFD.
Invalid UTF-8 byte or sequence at line 301 replaced by U+FFFD.
Invalid UTF-8 byte or sequence at line 301 replaced by U+FFFD.
Invalid UTF-8 byte or sequence at line 302 replaced by U+FFFD.
Invalid UTF-8 byte or sequence at line 303 replaced by U+FFFD.
Invalid UTF-8 byte or sequence at line 332 replaced by U+FFFD.
Invalid UTF-8 byte or sequence at line 332 replaced by U+FFFD.
Invalid UTF-8 byte or sequence at line 332 replaced by U+FFFD.
Invalid UTF-8 byte or sequence at line 332 replaced by U+FFFD.
Invalid UTF-8 byte or sequence at line 333 replaced by U+FFFD.
Invalid UTF-8 byte or sequence at line 334 replaced by U+FFFD.
Invalid UTF-8 byte or sequence at line 334 replaced by U+FFFD.
Invalid UTF-8 byte or sequence at line 334 replaced by U+FFFD.
Invalid UTF-8 byte or sequence at line 406 replaced by U+FFFD.
Invalid UTF-8 byte or sequence at line 406 replaced by U+FFFD.
Invalid UTF-8 byte or sequence at line 409 replaced by U+FFFD.
Invalid UTF-8 byte or sequence at line 410 replaced by U+FFFD.
Invalid UTF-8 byte or sequence at line 428 replaced by U+FFFD.
Invalid UTF-8 byte or sequence at line 434 replaced by U+FFFD.
Invalid UTF-8 byte or sequence at line 457 replaced by U+FFFD.
Invalid UTF-8 byte or sequence at line 457 replaced by U+FFFD.
Invalid UTF-8 byte or sequence at line 464 replaced by U+FFFD.
Invalid UTF-8 byte or sequence at line 464 replaced by U+FFFD.
Invalid UTF-8 byte or sequence at line 466 replaced by U+FFFD.
Invalid UTF-8 byte or sequence at line 466 replaced by U+FFFD.
Invalid UTF-8 byte or sequence at line 541 replaced by U+FFFD.
Invalid UTF-8 byte or sequence at line 541 replaced by U+FFFD.
Invalid UTF-8 byte or sequence at line 541 replaced by U+FFFD.
Invalid UTF-8 byte or sequence at line 586 replaced by U+FFFD.
Invalid UTF-8 byte or sequence at line 586 replaced by U+FFFD.
Invalid UTF-8 byte or sequence at line 588 replaced by U+FFFD.
Invalid UTF-8 byte or sequence at line 588 replaced by U+FFFD.
Invalid UTF-8 byte or sequence at line 595 replaced by U+FFFD.
Invalid UTF-8 byte or sequence at line 597 replaced by U+FFFD.
Invalid UTF-8 byte or sequence at line 599 replaced by U+FFFD.
Invalid UTF-8 byte or sequence at line 602 replaced by U+FFFD.
Invalid UTF-8 byte or sequence at line 605 replaced by U+FFFD.
Invalid UTF-8 byte or sequence at line 605 replaced by U+FFFD.
Invalid UTF-8 byte or sequence at line 610 replaced by U+FFFD.
Invalid UTF-8 byte or sequence at line 615 replaced by U+FFFD.
Invalid UTF-8 byte or sequence at line 632 replaced by U+FFFD.
Invalid UTF-8 byte or sequence at line 632 replaced by U+FFFD.
Invalid UTF-8 byte or sequence at line 633 replaced by U+FFFD.
Invalid UTF-8 byte or sequence at line 635 replaced by U+FFFD.
Invalid UTF-8 byte or sequence at line 637 replaced by U+FFFD.
Invalid UTF-8 byte or sequence at line 647 replaced by U+FFFD.
Invalid UTF-8 byte or sequence at line 653 replaced by U+FFFD.
Invalid UTF-8 byte or sequence at line 678 replaced by U+FFFD.
Invalid UTF-8 byte or sequence at line 700 replaced by U+FFFD.
Invalid UTF-8 byte or sequence at line 705 replaced by U+FFFD.
Invalid UTF-8 byte or sequence at line 715 replaced by U+FFFD.
Invalid UTF-8 byte or sequence at line 715 replaced by U+FFFD.
Invalid UTF-8 byte or sequence at line 715 replaced by U+FFFD.
Invalid UTF-8 byte or sequence at line 719 replaced by U+FFFD.
Invalid UTF-8 byte or sequence at line 732 replaced by U+FFFD.
Invalid UTF-8 byte or sequence at line 732 replaced by U+FFFD.
Invalid UTF-8 byte or sequence at line 741 replaced by U+FFFD.
Invalid UTF-8 byte or sequence at line 741 replaced by U+FFFD.
Invalid UTF-8 byte or sequence at line 742 replaced by U+FFFD.
Invalid UTF-8 byte or sequence at line 742 replaced by U+FFFD.
Invalid UTF-8 byte or sequence at line 762 replaced by U+FFFD.
Invalid UTF-8 byte or sequence at line 773 replaced by U+FFFD.
Invalid UTF-8 byte or sequence at line 773 replaced by U+FFFD.
Invalid UTF-8 byte or sequence at line 774 replaced by U+FFFD.
Invalid UTF-8 byte or sequence at line 774 replaced by U+FFFD.
Invalid UTF-8 byte or sequence at line 774 replaced by U+FFFD.
Invalid UTF-8 byte or sequence at line 797 replaced by U+FFFD.
Invalid UTF-8 byte or sequence at line 797 replaced by U+FFFD.
Invalid UTF-8 byte or sequence at line 810 replaced by U+FFFD.
Invalid UTF-8 byte or sequence at line 824 replaced by U+FFFD.
Invalid UTF-8 byte or sequence at line 824 replaced by U+FFFD.
Invalid UTF-8 byte or sequence at line 831 replaced by U+FFFD.
Invalid UTF-8 byte or sequence at line 838 replaced by U+FFFD.
Invalid UTF-8 byte or sequence at line 838 replaced by U+FFFD.
Invalid UTF-8 byte or sequence at line 846 replaced by U+FFFD.
Invalid UTF-8 byte or sequence at line 846 replaced by U+FFFD.
Invalid UTF-8 byte or sequence at line 861 replaced by U+FFFD.
Invalid UTF-8 byte or sequence at line 862 replaced by U+FFFD.
Invalid UTF-8 byte or sequence at line 864 replaced by U+FFFD.
Invalid UTF-8 byte or sequence at line 864 replaced by U+FFFD.
Invalid UTF-8 byte or sequence at line 908 replaced by U+FFFD.
Invalid UTF-8 byte or sequence at line 909 replaced by U+FFFD.
Invalid UTF-8 byte or sequence at line 909 replaced by U+FFFD.
Invalid UTF-8 byte or sequence at line 934 replaced by U+FFFD.
Invalid UTF-8 byte or sequence at line 934 replaced by U+FFFD.
Invalid UTF-8 byte or sequence at line 936 replaced by U+FFFD.
Invalid UTF-8 byte or sequence at line 936 replaced by U+FFFD.
Invalid UTF-8 byte or sequence at line 940 replaced by U+FFFD.
Invalid UTF-8 byte or sequence at line 940 replaced by U+FFFD.
Invalid UTF-8 byte or sequence at line 962 replaced by U+FFFD.
Invalid UTF-8 byte or sequence at line 962 replaced by U+FFFD.
Invalid UTF-8 byte or sequence at line 964 replaced by U+FFFD.
Invalid UTF-8 byte or sequence at line 965 replaced by U+FFFD.
Invalid UTF-8 byte or sequence at line 1006 replaced by U+FFFD.
)
Package: xstring 2019/02/06 v1.83 String manipulations (CT)
)
(/usr/share/texmf-dist/tex/latex/framed/framed.sty
Package: framed 2011/10/22 v 0.96: framed or shaded text with page breaks
\OuterFrameSep=\skip58
\fb@frw=\dimen133
\fb@frh=\dimen134
\FrameRule=\dimen135
\FrameSep=\dimen136
)
(/usr/share/texmf-dist/tex/latex/float/float.sty
Package: float 2001/11/08 v1.3d Float enhancements (AL)
\c@float@type=\count128
\float@exts=\toks17
\float@box=\box59
\@float@everytoks=\toks18
\@floatcapt=\box60
)
\minted@appexistsfile=\read2
\minted@bgbox=\box61
\minted@code=\write4
\c@minted@FancyVerbLineTemp=\count129
\c@minted@pygmentizecounter=\count130
\@float@every@listing=\toks19
\c@listing=\count131
)
(/usr/share/texmf-dist/tex/latex/xcolor/xcolor.sty
Package: xcolor 2016/05/11 v2.12 LaTeX color extensions (UK)

(/usr/share/texmf-dist/tex/latex/graphics-cfg/color.cfg
File: color.cfg 2016/01/02 v1.6 sample color configuration
)
Package xcolor Info: Driver file: xetex.def on input line 225.

(/usr/share/texmf-dist/tex/latex/graphics-def/xetex.def
File: xetex.def 2017/06/24 v5.0h Graphics/color driver for xetex
)
Package xcolor Info: Model `cmy' substituted by `cmy0' on input line 1348.
Package xcolor Info: Model `RGB' extended on input line 1364.
Package xcolor Info: Model `HTML' substituted by `rgb' on input line 1366.
Package xcolor Info: Model `Hsb' substituted by `hsb' on input line 1367.
Package xcolor Info: Model `tHsb' substituted by `hsb' on input line 1368.
Package xcolor Info: Model `HSB' substituted by `hsb' on input line 1369.
Package xcolor Info: Model `Gray' substituted by `gray' on input line 1370.
Package xcolor Info: Model `wave' substituted by `hsb' on input line 1371.
)
runsystem(which pygmentize && touch Dispensa.aex)...executed.

runsystem(rm Dispensa.aex)...executed.

 (./Dispensa.aux)
\openout1 = `Dispensa.aux'.

LaTeX Font Info:    Checking defaults for OML/cmm/m/it on input line 22.
LaTeX Font Info:    ... okay on input line 22.
LaTeX Font Info:    Checking defaults for T1/cmr/m/n on input line 22.
LaTeX Font Info:    ... okay on input line 22.
LaTeX Font Info:    Checking defaults for OT1/cmr/m/n on input line 22.
LaTeX Font Info:    ... okay on input line 22.
LaTeX Font Info:    Checking defaults for OMS/cmsy/m/n on input line 22.
LaTeX Font Info:    ... okay on input line 22.
LaTeX Font Info:    Checking defaults for TU/lmr/m/n on input line 22.
LaTeX Font Info:    ... okay on input line 22.
LaTeX Font Info:    Checking defaults for OMX/cmex/m/n on input line 22.
LaTeX Font Info:    ... okay on input line 22.
LaTeX Font Info:    Checking defaults for U/cmr/m/n on input line 22.
LaTeX Font Info:    ... okay on input line 22.
LaTeX Font Info:    Checking defaults for TS1/cmr/m/n on input line 22.
LaTeX Font Info:    Trying to load font information for TS1+cmr on input line 2
2.

(/usr/share/texmf-dist/tex/latex/base/ts1cmr.fd
File: ts1cmr.fd 2014/09/29 v2.5h Standard LaTeX font definitions
)
LaTeX Font Info:    ... okay on input line 22.

*geometry* driver: auto-detecting
*geometry* detected driver: xetex
*geometry* verbose mode - [ preamble ] result:
* driver: xetex
* paper: a4paper
* layout: <same size as paper>
* layoutoffset:(h,v)=(0.0pt,0.0pt)
* modes: landscape 
* h-part:(L,W,R)=(25.03842pt, 794.96999pt, 25.03844pt)
* v-part:(T,H,B)=(65.55515pt, 433.62pt, 98.33273pt)
* \paperwidth=845.04684pt
* \paperheight=597.50787pt
* \textwidth=794.96999pt
* \textheight=433.62pt
* \oddsidemargin=-47.23157pt
* \evensidemargin=-47.23157pt
* \topmargin=-43.71484pt
* \headheight=12.0pt
* \headsep=25.0pt
* \topskip=10.0pt
* \footskip=30.0pt
* \marginparwidth=57.0pt
* \marginparsep=11.0pt
* \columnsep=10.0pt
* \skip\footins=9.0pt plus 4.0pt minus 2.0pt
* \hoffset=0.0pt
* \voffset=0.0pt
* \mag=1000
* \@twocolumnfalse
* \@twosidefalse
* \@mparswitchfalse
* \@reversemarginfalse
* (1in=72.27pt=25.4mm, 1cm=28.453pt)

LaTeX Font Info:    External font `cmex10' loaded for size
(Font)              <12> on input line 23.
LaTeX Font Info:    External font `cmex10' loaded for size
(Font)              <8> on input line 23.
LaTeX Font Info:    External font `cmex10' loaded for size
(Font)              <6> on input line 23.
\openout3 = `Dispensa.pyg'.

runsystem(pygmentize -S default -f latex -P commandprefix=PYG > Dispensa.out.py
g)...executed.

(./Dispensa.out.pyg)
runsystem(pygmentize -S default -f latex -P commandprefix=PYGdefault > Dispensa
.out.pyg)...executed.

 (./Dispensa.out.pyg)
runsystem(pygmentize -l c -f latex -P commandprefix=PYG -F tokenmerge -o Dispen
sa.out.pyg Dispensa.pyg)...executed.

 (./Dispensa.out.pyg)
runsystem(rm _minted-Dispensa/default-pyg-prefix.pygstyle)...executed.

runsystem(rm _minted-Dispensa/default.pygstyle)...executed.

runsystem(rm _minted-Dispensa/EADA7966D3E10A45E3BD8E0144DFF27D5A0F3697CBCD72E33
D8BAF77CDBCBE8C.pygtex)...executed.

 [1

]
(./Dispensa.aux)
runsystem(rm Dispensa.pyg)...executed.

runsystem(rm Dispensa.out.pyg)...executed.

 ) 
Here is how much of TeX's memory you used:
 5611 strings out of 492483
 96698 string characters out of 6134979
 217833 words of memory out of 5000000
 10017 multiletter control sequences out of 15000+600000
 6432 words of font info for 30 fonts, out of 8000000 for 9000
 1348 hyphenation exceptions out of 8191
 43i,6n,45p,825b,393s stack positions out of 5000i,500n,10000p,200000b,80000s

Output written on Dispensa.pdf (1 page).
